# JRE version: OpenJDK Runtime Environment (21.0.7) (build 21.0.7+-13880790-b1038.58)
# Java VM: OpenJDK 64-Bit Server VM (21.0.7+-13880790-b1038.58, mixed mode, tiered, compressed oops, compressed class ptrs, g1 gc, windows-amd64)
GC Precious Log:
 CardTable entry size: 512
 Card Set container configuration: InlinePtr #cards 5 size 8 Array Of Cards #cards 12 size 40 Howl #buckets 4 coarsen threshold 1843 Howl Bitmap #cards 512 size 80 coarsen threshold 460 Card regions per heap region 1 cards per card region 2048
 CPUs: 16 total, 16 available
 Memory: 15676M
 Large Page Support: Disabled
 NUMA Support: Disabled
 Compressed Oops: Enabled (32-bit)
 Heap Region Size: 1M
 Heap Min Capacity: 8M
 Heap Initial Capacity: 246M
 Heap Max Capacity: 2G
 Pre-touch: Disabled
 Parallel Workers: 13
 Concurrent Workers: 3
 Concurrent Refinement Workers: 13
 Periodic GC: Disabled
Heap:
 garbage-first heap   total 130048K, used 109734K [0x0000000080000000, 0x0000000100000000)
  region size 1024K, 36 young (36864K), 4 survivors (4096K)
 Metaspace       used 63794K, committed 65280K, reserved 1114112K
  class space    used 8863K, committed 9600K, reserved 1048576K
GC Heap History (20 events):
Event: 4.951 GC heap before
{Heap before GC invocations=9 (full 0):
 garbage-first heap   total 89088K, used 86991K [0x0000000080000000, 0x0000000100000000)
  region size 1024K, 37 young (37888K), 4 survivors (4096K)
 Metaspace       used 38551K, committed 39424K, reserved 1114112K
  class space    used 5290K, committed 5696K, reserved 1048576K
}
Event: 4.957 GC heap after
{Heap after GC invocations=10 (full 0):
 garbage-first heap   total 99328K, used 60563K [0x0000000080000000, 0x0000000100000000)
  region size 1024K, 8 young (8192K), 8 survivors (8192K)
 Metaspace       used 38551K, committed 39424K, reserved 1114112K
  class space    used 5290K, committed 5696K, reserved 1048576K
}
Event: 5.155 GC heap before
{Heap before GC invocations=10 (full 0):
 garbage-first heap   total 99328K, used 83091K [0x0000000080000000, 0x0000000100000000)
  region size 1024K, 31 young (31744K), 8 survivors (8192K)
 Metaspace       used 42280K, committed 43200K, reserved 1114112K
  class space    used 5735K, committed 6144K, reserved 1048576K
}
Event: 5.158 GC heap after
{Heap after GC invocations=11 (full 0):
 garbage-first heap   total 99328K, used 61889K [0x0000000080000000, 0x0000000100000000)
  region size 1024K, 2 young (2048K), 2 survivors (2048K)
 Metaspace       used 42280K, committed 43200K, reserved 1114112K
  class space    used 5735K, committed 6144K, reserved 1048576K
}
Event: 5.300 GC heap before
{Heap before GC invocations=11 (full 0):
 garbage-first heap   total 99328K, used 87489K [0x0000000080000000, 0x0000000100000000)
  region size 1024K, 28 young (28672K), 2 survivors (2048K)
 Metaspace       used 44168K, committed 45056K, reserved 1114112K
  class space    used 6049K, committed 6464K, reserved 1048576K
}
Event: 5.303 GC heap after
{Heap after GC invocations=12 (full 0):
 garbage-first heap   total 99328K, used 63076K [0x0000000080000000, 0x0000000100000000)
  region size 1024K, 3 young (3072K), 3 survivors (3072K)
 Metaspace       used 44168K, committed 45056K, reserved 1114112K
  class space    used 6049K, committed 6464K, reserved 1048576K
}
Event: 5.630 GC heap before
{Heap before GC invocations=13 (full 0):
 garbage-first heap   total 106496K, used 88676K [0x0000000080000000, 0x0000000100000000)
  region size 1024K, 29 young (29696K), 3 survivors (3072K)
 Metaspace       used 47193K, committed 48128K, reserved 1114112K
  class space    used 6497K, committed 6976K, reserved 1048576K
}
Event: 5.632 GC heap after
{Heap after GC invocations=14 (full 0):
 garbage-first heap   total 128000K, used 64719K [0x0000000080000000, 0x0000000100000000)
  region size 1024K, 4 young (4096K), 4 survivors (4096K)
 Metaspace       used 47193K, committed 48128K, reserved 1114112K
  class space    used 6497K, committed 6976K, reserved 1048576K
}
Event: 6.163 GC heap before
{Heap before GC invocations=14 (full 0):
 garbage-first heap   total 128000K, used 117967K [0x0000000080000000, 0x0000000100000000)
  region size 1024K, 52 young (53248K), 4 survivors (4096K)
 Metaspace       used 55005K, committed 56064K, reserved 1114112K
  class space    used 7379K, committed 7936K, reserved 1048576K
}
Event: 6.168 GC heap after
{Heap after GC invocations=15 (full 0):
 garbage-first heap   total 129024K, used 68957K [0x0000000080000000, 0x0000000100000000)
  region size 1024K, 7 young (7168K), 7 survivors (7168K)
 Metaspace       used 55005K, committed 56064K, reserved 1114112K
  class space    used 7379K, committed 7936K, reserved 1048576K
}
Event: 6.533 GC heap before
{Heap before GC invocations=15 (full 0):
 garbage-first heap   total 129024K, used 114013K [0x0000000080000000, 0x0000000100000000)
  region size 1024K, 51 young (52224K), 7 survivors (7168K)
 Metaspace       used 58169K, committed 59520K, reserved 1114112K
  class space    used 7910K, committed 8576K, reserved 1048576K
}
Event: 6.538 GC heap after
{Heap after GC invocations=16 (full 0):
 garbage-first heap   total 129024K, used 72005K [0x0000000080000000, 0x0000000100000000)
  region size 1024K, 3 young (3072K), 3 survivors (3072K)
 Metaspace       used 58169K, committed 59520K, reserved 1114112K
  class space    used 7910K, committed 8576K, reserved 1048576K
}
Event: 7.069 GC heap before
{Heap before GC invocations=17 (full 0):
 garbage-first heap   total 129024K, used 118085K [0x0000000080000000, 0x0000000100000000)
  region size 1024K, 47 young (48128K), 3 survivors (3072K)
 Metaspace       used 63488K, committed 65024K, reserved 1114112K
  class space    used 8816K, committed 9536K, reserved 1048576K
}
Event: 7.073 GC heap after
{Heap after GC invocations=18 (full 0):
 garbage-first heap   total 129024K, used 74525K [0x0000000080000000, 0x0000000100000000)
  region size 1024K, 5 young (5120K), 5 survivors (5120K)
 Metaspace       used 63488K, committed 65024K, reserved 1114112K
  class space    used 8816K, committed 9536K, reserved 1048576K
}
Event: 7.192 GC heap before
{Heap before GC invocations=18 (full 0):
 garbage-first heap   total 129024K, used 115485K [0x0000000080000000, 0x0000000100000000)
  region size 1024K, 45 young (46080K), 5 survivors (5120K)
 Metaspace       used 63706K, committed 65216K, reserved 1114112K
  class space    used 8843K, committed 9600K, reserved 1048576K
}
Event: 7.196 GC heap after
{Heap after GC invocations=19 (full 0):
 garbage-first heap   total 129024K, used 74794K [0x0000000080000000, 0x0000000100000000)
  region size 1024K, 4 young (4096K), 4 survivors (4096K)
 Metaspace       used 63706K, committed 65216K, reserved 1114112K
  class space    used 8843K, committed 9600K, reserved 1048576K
}
Event: 7.340 GC heap before
{Heap before GC invocations=19 (full 0):
 garbage-first heap   total 129024K, used 116778K [0x0000000080000000, 0x0000000100000000)
  region size 1024K, 45 young (46080K), 4 survivors (4096K)
 Metaspace       used 63708K, committed 65216K, reserved 1114112K
  class space    used 8843K, committed 9600K, reserved 1048576K
}
Event: 7.344 GC heap after
{Heap after GC invocations=20 (full 0):
 garbage-first heap   total 129024K, used 77003K [0x0000000080000000, 0x0000000100000000)
  region size 1024K, 4 young (4096K), 4 survivors (4096K)
 Metaspace       used 63708K, committed 65216K, reserved 1114112K
  class space    used 8843K, committed 9600K, reserved 1048576K
}
Event: 7.509 GC heap before
{Heap before GC invocations=21 (full 0):
 garbage-first heap   total 130048K, used 116939K [0x0000000080000000, 0x0000000100000000)
  region size 1024K, 43 young (44032K), 4 survivors (4096K)
 Metaspace       used 63689K, committed 65216K, reserved 1114112K
  class space    used 8837K, committed 9600K, reserved 1048576K
}
Event: 7.512 GC heap after
{Heap after GC invocations=22 (full 0):
 garbage-first heap   total 130048K, used 79014K [0x0000000080000000, 0x0000000100000000)
  region size 1024K, 4 young (4096K), 4 survivors (4096K)
 Metaspace       used 63689K, committed 65216K, reserved 1114112K
  class space    used 8837K, committed 9600K, reserved 1048576K
}

